{
  "RSpec": {
    "coverage": {
      "/Users/jaywinebrenner1/Desktop/Code Review Week 11/config/environment.rb": [
        null,
        1,
        null,
        null,
        1
      ],
      "/Users/jaywinebrenner1/Desktop/Code Review Week 11/config/application.rb": [
        1,
        null,
        1,
        null,
        1,
        1,
        1,
        1,
        1,
        1,
        1,
        1,
        1,
        null,
        null,
        null,
        null,
        1,
        null,
        1,
        1,
        null,
        1,
        null,
        null,
        null,
        null,
        null,
        null,
        null,
        1,
        null,
        null
      ],
      "/Users/jaywinebrenner1/Desktop/Code Review Week 11/config/boot.rb": [
        1,
        null,
        1,
        1
      ],
      "/Users/jaywinebrenner1/Desktop/Code Review Week 11/config/environments/test.rb": [
        1,
        null,
        null,
        null,
        null,
        null,
        null,
        1,
        null,
        null,
        null,
        null,
        1,
        null,
        null,
        1,
        1,
        null,
        null,
        null,
        null,
        1,
        1,
        null,
        null,
        1,
        null,
        null,
        1,
        null,
        null,
        1,
        null,
        1,
        null,
        null,
        null,
        null,
        1,
        null,
        null,
        1,
        null,
        null,
        null,
        null
      ],
      "/Users/jaywinebrenner1/Desktop/Code Review Week 11/config/initializers/application_controller_renderer.rb": [
        null,
        null,
        null,
        null,
        null,
        null,
        null,
        null
      ],
      "/Users/jaywinebrenner1/Desktop/Code Review Week 11/config/initializers/assets.rb": [
        null,
        null,
        null,
        1,
        null,
        null,
        null,
        null,
        1,
        null,
        null,
        null,
        null,
        null
      ],
      "/Users/jaywinebrenner1/Desktop/Code Review Week 11/config/initializers/backtrace_silencers.rb": [
        null,
        null,
        null,
        null,
        null,
        null,
        null
      ],
      "/Users/jaywinebrenner1/Desktop/Code Review Week 11/config/initializers/content_security_policy.rb": [
        null,
        null,
        null,
        null,
        null,
        null,
        null,
        null,
        null,
        null,
        null,
        null,
        null,
        null,
        null,
        null,
        null,
        null,
        null,
        null,
        null,
        null,
        null,
        null,
        null
      ],
      "/Users/jaywinebrenner1/Desktop/Code Review Week 11/config/initializers/cookies_serializer.rb": [
        null,
        null,
        null,
        null,
        1
      ],
      "/Users/jaywinebrenner1/Desktop/Code Review Week 11/config/initializers/devise.rb": [
        null,
        null,
        null,
        null,
        1,
        null,
        null,
        null,
        null,
        null,
        null,
        null,
        null,
        null,
        null,
        null,
        null,
        null,
        null,
        null,
        1,
        null,
        null,
        null,
        null,
        null,
        null,
        null,
        null,
        null,
        null,
        null,
        1,
        null,
        null,
        null,
        null,
        null,
        null,
        null,
        null,
        null,
        null,
        null,
        null,
        null,
        null,
        null,
        null,
        null,
        null,
        null,
        null,
        null,
        1,
        null,
        null,
        null,
        null,
        1,
        null,
        null,
        null,
        null,
        null,
        null,
        null,
        null,
        null,
        null,
        null,
        null,
        null,
        null,
        null,
        null,
        null,
        null,
        null,
        null,
        null,
        null,
        null,
        null,
        null,
        null,
        null,
        null,
        null,
        null,
        1,
        null,
        null,
        null,
        null,
        null,
        null,
        null,
        null,
        null,
        null,
        null,
        null,
        null,
        null,
        null,
        null,
        null,
        null,
        null,
        null,
        null,
        null,
        1,
        null,
        null,
        null,
        null,
        null,
        null,
        null,
        null,
        null,
        null,
        null,
        null,
        null,
        null,
        null,
        null,
        null,
        null,
        null,
        null,
        null,
        null,
        null,
        null,
        null,
        null,
        null,
        null,
        null,
        null,
        null,
        null,
        null,
        1,
        null,
        null,
        null,
        null,
        null,
        null,
        null,
        null,
        null,
        1,
        null,
        null,
        null,
        null,
        null,
        null,
        null,
        null,
        null,
        null,
        1,
        null,
        null,
        null,
        null,
        1,
        null,
        null,
        null,
        null,
        null,
        null,
        null,
        null,
        null,
        null,
        null,
        null,
        null,
        null,
        null,
        null,
        null,
        null,
        null,
        null,
        null,
        null,
        null,
        null,
        null,
        null,
        null,
        null,
        null,
        null,
        null,
        null,
        null,
        null,
        null,
        null,
        null,
        null,
        null,
        null,
        1,
        null,
        null,
        null,
        null,
        null,
        null,
        null,
        null,
        null,
        null,
        null,
        null,
        null,
        null,
        null,
        null,
        null,
        null,
        null,
        null,
        null,
        null,
        null,
        null,
        null,
        null,
        null,
        null,
        null,
        null,
        null,
        null,
        null,
        null,
        null,
        null,
        null,
        null,
        null,
        null,
        null,
        1,
        null,
        null,
        null,
        null,
        null,
        null,
        null,
        null,
        null,
        null,
        null,
        null,
        null,
        null,
        null,
        null,
        null,
        null,
        null,
        null,
        null,
        null,
        null,
        null,
        null,
        null,
        null,
        null,
        null,
        null,
        null,
        null,
        null,
        null,
        null,
        null,
        null,
        null,
        null,
        null,
        null,
        null
      ],
      "/Users/jaywinebrenner1/Desktop/Code Review Week 11/config/initializers/filter_parameter_logging.rb": [
        null,
        null,
        null,
        1
      ],
      "/Users/jaywinebrenner1/Desktop/Code Review Week 11/config/initializers/inflections.rb": [
        null,
        null,
        null,
        null,
        null,
        null,
        null,
        null,
        null,
        null,
        null,
        null,
        null,
        null,
        null,
        null
      ],
      "/Users/jaywinebrenner1/Desktop/Code Review Week 11/config/initializers/mime_types.rb": [
        null,
        null,
        null,
        null
      ],
      "/Users/jaywinebrenner1/Desktop/Code Review Week 11/config/initializers/wrap_parameters.rb": [
        null,
        null,
        null,
        null,
        null,
        null,
        1,
        2,
        null,
        null,
        null,
        null,
        null,
        null
      ],
      "/Users/jaywinebrenner1/Desktop/Code Review Week 11/config/routes.rb": [
        1,
        1,
        1,
        1,
        1,
        1,
        null,
        null,
        null,
        null,
        null,
        null,
        null,
        null,
        null,
        null,
        null,
        null,
        null
      ],
      "/Users/jaywinebrenner1/Desktop/Code Review Week 11/app/models/user.rb": [
        1,
        null,
        null,
        1,
        null,
        null
      ],
      "/Users/jaywinebrenner1/Desktop/Code Review Week 11/app/models/application_record.rb": [
        1,
        1,
        null
      ],
      "/Users/jaywinebrenner1/Desktop/Code Review Week 11/app/controllers/application_controller.rb": [
        1,
        null,
        1,
        null,
        1,
        null,
        1,
        7,
        0,
        0,
        null,
        null,
        null,
        1,
        0,
        0,
        0,
        null,
        null,
        null,
        1,
        null,
        1,
        22,
        null,
        15,
        null,
        null,
        null
      ],
      "/Users/jaywinebrenner1/Desktop/Code Review Week 11/app/helpers/application_helper.rb": [
        1,
        null
      ],
      "/Users/jaywinebrenner1/Desktop/Code Review Week 11/app/helpers/pages_helper.rb": [
        1,
        null
      ],
      "/Users/jaywinebrenner1/Desktop/Code Review Week 11/app/channels/application_cable/channel.rb": [
        1,
        1,
        null,
        null
      ],
      "/Users/jaywinebrenner1/Desktop/Code Review Week 11/app/channels/application_cable/connection.rb": [
        1,
        1,
        null,
        null
      ],
      "/Users/jaywinebrenner1/Desktop/Code Review Week 11/app/controllers/pages_controller.rb": [
        1,
        1,
        null,
        null
      ],
      "/Users/jaywinebrenner1/Desktop/Code Review Week 11/app/controllers/products_controller.rb": [
        1,
        null,
        1,
        null,
        null,
        1,
        20,
        20,
        20,
        20,
        20,
        null,
        null,
        1,
        5,
        5,
        null,
        null,
        1,
        5,
        null,
        5,
        5,
        5,
        null,
        0,
        null,
        null,
        null,
        1,
        1,
        1,
        null,
        null,
        null,
        null,
        null,
        null,
        null,
        null,
        null,
        null,
        1,
        8,
        8,
        null,
        null,
        1,
        1,
        1,
        1,
        null,
        0,
        null,
        null,
        null,
        1,
        0,
        0,
        0,
        null,
        null,
        1,
        1,
        6,
        null,
        null,
        null
      ],
      "/Users/jaywinebrenner1/Desktop/Code Review Week 11/app/controllers/reviews_controller.rb": [
        1,
        null,
        1,
        null,
        null,
        null,
        1,
        3,
        3,
        3,
        null,
        null,
        1,
        3,
        3,
        3,
        3,
        null,
        0,
        null,
        null,
        null,
        1,
        2,
        2,
        2,
        null,
        null,
        1,
        1,
        1,
        1,
        null,
        null,
        1,
        1,
        1,
        1,
        null,
        0,
        null,
        null,
        null,
        null,
        1,
        0,
        0,
        0,
        null,
        null,
        null,
        1,
        1,
        4,
        null,
        null,
        null
      ],
      "/Users/jaywinebrenner1/Desktop/Code Review Week 11/app/jobs/application_job.rb": [
        1,
        null
      ],
      "/Users/jaywinebrenner1/Desktop/Code Review Week 11/app/mailers/application_mailer.rb": [
        1,
        1,
        1,
        null
      ],
      "/Users/jaywinebrenner1/Desktop/Code Review Week 11/app/models/product.rb": [
        1,
        1,
        1,
        1,
        1,
        1,
        null,
        21,
        21,
        1,
        null,
        null,
        null,
        null,
        20,
        null,
        null,
        1,
        1,
        9,
        null,
        null,
        null
      ],
      "/Users/jaywinebrenner1/Desktop/Code Review Week 11/app/models/review.rb": [
        1,
        1,
        1,
        1,
        1,
        1,
        1,
        null,
        null
      ],
      "/Users/jaywinebrenner1/Desktop/Code Review Week 11/spec/models/integration_spec.rb": [
        1,
        1,
        1,
        null,
        1,
        1,
        1,
        1,
        1,
        1,
        1,
        1,
        1,
        1,
        1,
        1,
        1,
        1,
        1,
        1,
        1,
        1,
        1,
        1,
        1,
        1,
        1,
        1,
        1,
        1,
        1,
        1,
        null,
        null,
        null,
        1,
        1,
        1,
        1,
        1,
        1,
        1,
        1,
        1,
        1,
        1,
        null,
        null,
        null,
        1,
        1,
        1,
        1,
        1,
        1,
        1,
        1,
        1,
        1,
        1,
        1,
        1,
        1,
        1,
        1,
        1,
        null,
        null,
        null,
        1,
        1,
        1,
        1,
        1,
        1,
        1,
        1,
        1,
        1,
        1,
        1,
        1,
        1,
        1,
        1,
        1,
        1,
        1,
        1,
        1,
        null,
        null,
        null,
        null,
        1,
        1,
        1,
        1,
        1,
        1,
        1,
        1,
        1,
        1,
        1,
        1,
        1,
        1,
        1,
        1,
        1,
        1,
        1,
        1,
        1,
        null,
        null,
        null,
        null,
        1,
        1,
        1,
        1,
        1,
        1,
        1,
        1,
        1,
        1,
        1,
        1,
        1,
        1,
        1,
        1,
        1,
        1,
        1,
        1,
        1,
        1,
        1,
        1,
        1,
        1,
        null,
        null,
        null,
        null,
        null,
        null,
        null,
        null,
        null,
        null,
        null,
        null,
        null,
        null,
        null,
        null,
        null,
        null,
        null,
        null
      ],
      "/Users/jaywinebrenner1/Desktop/Code Review Week 11/spec/models/product_spec.rb": [
        1,
        null,
        1,
        1,
        1,
        1,
        null,
        null,
        2,
        2,
        2,
        2,
        2,
        null,
        null,
        1,
        1,
        1,
        1,
        1,
        null,
        null,
        null,
        1,
        1,
        1,
        1,
        null,
        null,
        null,
        1,
        1,
        1,
        1,
        null,
        null,
        null,
        null,
        1,
        1,
        1,
        1,
        1,
        null,
        null
      ],
      "/Users/jaywinebrenner1/Desktop/Code Review Week 11/spec/models/review_spec.rb": [
        1,
        null,
        1,
        2,
        2,
        2,
        2,
        2,
        1,
        2,
        1,
        null,
        null,
        1,
        1,
        1,
        1,
        1,
        null,
        null,
        null,
        1,
        1,
        1,
        1,
        null,
        null,
        null
      ],
      "/Users/jaywinebrenner1/Desktop/Code Review Week 11/spec/models/user_spec.rb": [
        null,
        null,
        null,
        null,
        null
      ],
      "/Users/jaywinebrenner1/Desktop/Code Review Week 11/spec/views/pages/home.html.erb_spec.rb": [
        null,
        null,
        null,
        null,
        null
      ]
    },
    "timestamp": 1579904531
  }
}
